<?xml version="1.0" encoding="UTF-8"?>
<testsuite xmlns:xsi="http://www.w3.org/2001/XMLSchema-instance" xsi:noNamespaceSchemaLocation="https://maven.apache.org/surefire/maven-surefire-plugin/xsd/surefire-test-report.xsd" name="com.xxxx.crm.dao.PermissionMapperTest" time="0.029" tests="1" errors="1" skipped="0" failures="0">
  <properties>
[...]
</properties>
  <testcase name="testUser" classname="com.xxxx.crm.dao.PermissionMapperTest" time="0.028">
    <error message="客户不存在" type="com.xxxx.crm.exceptions.ParamsException">com.xxxx.crm.exceptions.ParamsException: 客户不存在
	at com.xxxx.crm.dao.PermissionMapperTest.testUser(PermissionMapperTest.java:35)
</error>
    <system-out><![CDATA[2020-09-23 11:07:54.217 DEBUG 4340 --- [           main] c.x.c.d.C.querryCustomByName             : ==>  Preparing: select id, khno, name, area, cus_manager, level, myd, xyd, address, post_code, phone, fax, web_site, yyzzch, fr, zczj, nyye, khyh, khzh, dsdjh, gsdjh, state, is_valid, create_date, update_date from t_customer where is_valid=1 and state=0 and name=? 
2020-09-23 11:07:54.218 DEBUG 4340 --- [           main] c.x.c.d.C.querryCustomByName             : ==> Parameters: 张1(String)
2020-09-23 11:07:54.310 DEBUG 4340 --- [           main] c.x.c.d.C.querryCustomByName             : <==      Total: 0
]]></system-out>
  </testcase>
</testsuite>